Build started 5/31/2016 15:50:41.
     1>Project "C:\Users\Luna\Programming Projects\IGMTutorial\Staging\ReflectionAndRefraction\ReflectionAndRefration\ReflectionAndRefration.vcxproj" on node 2 (Build target(s)).
     1>C:\Program Files (x86)\MSBuild\Microsoft.Cpp\v4.0\V120\Microsoft.CppBuild.targets(388,5): warning MSB8028: The intermediate directory (Debug\) contains files shared from another project (Subroutine.vcxproj).  This can lead to incorrect clean and rebuild behavior.
     1>ClCompile:
         C:\Program Files (x86)\Microsoft Visual Studio 12.0\VC\bin\CL.exe /c /I"C:\Users\Luna\Programming Projects\IGMTutorial\Staging\ReflectionAndRefraction\ReflectionAndRefration\\include" /ZI /nologo /W3 /WX- /sdl /Od /Oy- /D _MBCS /Gm /EHsc /RTC1 /MDd /GS /fp:precise /Zc:wchar_t /Zc:forScope /Fo"Debug\\" /Fd"Debug\vc120.pdb" /Gd /TP /analyze- /errorReport:prompt main.cpp
         main.cpp
     1>c:\users\luna\programming projects\igmtutorial\staging\reflectionandrefraction\reflectionandrefration\main.cpp(189): warning C4244: '=' : conversion from 'double' to 'float', possible loss of data
     1>c:\users\luna\programming projects\igmtutorial\staging\reflectionandrefraction\reflectionandrefration\main.cpp(190): warning C4244: '=' : conversion from 'double' to 'float', possible loss of data
     1>c:\users\luna\programming projects\igmtutorial\staging\reflectionandrefraction\reflectionandrefration\main.cpp(191): warning C4244: '=' : conversion from 'double' to 'float', possible loss of data
     1>c:\users\luna\programming projects\igmtutorial\staging\reflectionandrefraction\reflectionandrefration\main.cpp(194): warning C4244: '=' : conversion from 'double' to 'float', possible loss of data
     1>c:\users\luna\programming projects\igmtutorial\staging\reflectionandrefraction\reflectionandrefration\main.cpp(195): warning C4244: '=' : conversion from 'double' to 'float', possible loss of data
     1>c:\users\luna\programming projects\igmtutorial\staging\reflectionandrefraction\reflectionandrefration\main.cpp(196): warning C4244: '=' : conversion from 'double' to 'float', possible loss of data
     1>c:\users\luna\programming projects\igmtutorial\staging\reflectionandrefraction\reflectionandrefration\main.cpp(199): warning C4244: '=' : conversion from 'double' to 'float', possible loss of data
     1>c:\users\luna\programming projects\igmtutorial\staging\reflectionandrefraction\reflectionandrefration\main.cpp(200): warning C4244: '=' : conversion from 'double' to 'float', possible loss of data
     1>c:\users\luna\programming projects\igmtutorial\staging\reflectionandrefraction\reflectionandrefration\main.cpp(201): warning C4244: '=' : conversion from 'double' to 'float', possible loss of data
     1>c:\users\luna\programming projects\igmtutorial\staging\reflectionandrefraction\reflectionandrefration\main.cpp(204): warning C4244: '=' : conversion from 'double' to 'float', possible loss of data
     1>c:\users\luna\programming projects\igmtutorial\staging\reflectionandrefraction\reflectionandrefration\main.cpp(205): warning C4244: '=' : conversion from 'double' to 'float', possible loss of data
     1>c:\users\luna\programming projects\igmtutorial\staging\reflectionandrefraction\reflectionandrefration\main.cpp(206): warning C4244: '=' : conversion from 'double' to 'float', possible loss of data
     1>c:\users\luna\programming projects\igmtutorial\staging\reflectionandrefraction\reflectionandrefration\main.cpp(498): warning C4244: '=' : conversion from 'double' to 'float', possible loss of data
     1>c:\users\luna\programming projects\igmtutorial\staging\reflectionandrefraction\reflectionandrefration\main.cpp(499): warning C4244: '=' : conversion from 'double' to 'float', possible loss of data
     1>c:\users\luna\programming projects\igmtutorial\staging\reflectionandrefraction\reflectionandrefration\main.cpp(511): warning C4305: 'argument' : truncation from 'double' to 'GLclampf'
       Link:
         C:\Program Files (x86)\Microsoft Visual Studio 12.0\VC\bin\link.exe /ERRORREPORT:PROMPT /OUT:"C:\Users\Luna\Programming Projects\IGMTutorial\Staging\ReflectionAndRefraction\Debug\ReflectionAndRefration.exe" /INCREMENTAL /NOLOGO /LIBPATH:"C:\Users\Luna\Programming Projects\IGMTutorial\Staging\ReflectionAndRefraction\ReflectionAndRefration\\lib" kernel32.lib user32.lib gdi32.lib winspool.lib comdlg32.lib advapi32.lib shell32.lib ole32.lib oleaut32.lib uuid.lib odbc32.lib odbccp32.lib opengl32.lib glew32.lib glfw3.lib SOIL.lib kernel32.lib user32.lib gdi32.lib winspool.lib comdlg32.lib advapi32.lib shell32.lib ole32.lib oleaut32.lib uuid.lib odbc32.lib odbccp32.lib /NODEFAULTLIB:LIBCMT /NODEFAULTLIB:MSVCRT /MANIFEST /MANIFESTUAC:"level='asInvoker' uiAccess='false'" /manifest:embed /DEBUG /PDB:"C:\Users\Luna\Programming Projects\IGMTutorial\Staging\ReflectionAndRefraction\Debug\ReflectionAndRefration.pdb" /TLBID:1 /DYNAMICBASE /NXCOMPAT /IMPLIB:"C:\Users\Luna\Programming Projects\IGMTutorial\Staging\ReflectionAndRefraction\Debug\ReflectionAndRefration.lib" /MACHINE:X86 Debug\main.obj
     1>SOIL.lib(image_DXT.obj) : warning LNK4099: PDB 'vc120.pdb' was not found with 'SOIL.lib(image_DXT.obj)' or at 'C:\Users\Luna\Programming Projects\IGMTutorial\Staging\ReflectionAndRefraction\Debug\vc120.pdb'; linking object as if no debug info
     1>SOIL.lib(image_helper.obj) : warning LNK4099: PDB 'vc120.pdb' was not found with 'SOIL.lib(image_helper.obj)' or at 'C:\Users\Luna\Programming Projects\IGMTutorial\Staging\ReflectionAndRefraction\Debug\vc120.pdb'; linking object as if no debug info
     1>SOIL.lib(SOIL.obj) : warning LNK4099: PDB 'vc120.pdb' was not found with 'SOIL.lib(SOIL.obj)' or at 'C:\Users\Luna\Programming Projects\IGMTutorial\Staging\ReflectionAndRefraction\Debug\vc120.pdb'; linking object as if no debug info
     1>SOIL.lib(stb_image_aug.obj) : warning LNK4099: PDB 'vc120.pdb' was not found with 'SOIL.lib(stb_image_aug.obj)' or at 'C:\Users\Luna\Programming Projects\IGMTutorial\Staging\ReflectionAndRefraction\Debug\vc120.pdb'; linking object as if no debug info
         ReflectionAndRefration.vcxproj -> C:\Users\Luna\Programming Projects\IGMTutorial\Staging\ReflectionAndRefraction\Debug\ReflectionAndRefration.exe
     1>Done Building Project "C:\Users\Luna\Programming Projects\IGMTutorial\Staging\ReflectionAndRefraction\ReflectionAndRefration\ReflectionAndRefration.vcxproj" (Build target(s)).

Build succeeded.

Time Elapsed 00:00:03.54
