Build started 10/2/2015 6:10:34 PM.
     1>Project "\\banner.main.ad.rit.edu\students\sxt5244\IGMProfile\Documents\My stuff\Tutorials\Current\Subroutines\Subroutine\Subroutine.vcxproj" on node 2 (Build target(s)).
     1>ClCompile:
         C:\Program Files (x86)\Microsoft Visual Studio 12.0\VC\bin\CL.exe /c /I"\\banner.main.ad.rit.edu\students\sxt5244\IGMProfile\Documents\My stuff\Tutorials\Current\Subroutines\Subroutine\\include" /ZI /nologo /W3 /WX- /sdl /Od /Oy- /D _MBCS /Gm /EHsc /RTC1 /MDd /GS /fp:precise /Zc:wchar_t /Zc:forScope /Fo"Debug\\" /Fd"Debug\vc120.pdb" /Gd /TP /analyze- /errorReport:prompt main.cpp
         main.cpp
     1>\\banner.main.ad.rit.edu\students\sxt5244\igmprofile\documents\my stuff\tutorials\current\subroutines\subroutine\main.cpp(189): warning C4244: '=' : conversion from 'double' to 'float', possible loss of data
     1>\\banner.main.ad.rit.edu\students\sxt5244\igmprofile\documents\my stuff\tutorials\current\subroutines\subroutine\main.cpp(190): warning C4244: '=' : conversion from 'double' to 'float', possible loss of data
     1>\\banner.main.ad.rit.edu\students\sxt5244\igmprofile\documents\my stuff\tutorials\current\subroutines\subroutine\main.cpp(191): warning C4244: '=' : conversion from 'double' to 'float', possible loss of data
     1>\\banner.main.ad.rit.edu\students\sxt5244\igmprofile\documents\my stuff\tutorials\current\subroutines\subroutine\main.cpp(194): warning C4244: '=' : conversion from 'double' to 'float', possible loss of data
     1>\\banner.main.ad.rit.edu\students\sxt5244\igmprofile\documents\my stuff\tutorials\current\subroutines\subroutine\main.cpp(195): warning C4244: '=' : conversion from 'double' to 'float', possible loss of data
     1>\\banner.main.ad.rit.edu\students\sxt5244\igmprofile\documents\my stuff\tutorials\current\subroutines\subroutine\main.cpp(196): warning C4244: '=' : conversion from 'double' to 'float', possible loss of data
     1>\\banner.main.ad.rit.edu\students\sxt5244\igmprofile\documents\my stuff\tutorials\current\subroutines\subroutine\main.cpp(199): warning C4244: '=' : conversion from 'double' to 'float', possible loss of data
     1>\\banner.main.ad.rit.edu\students\sxt5244\igmprofile\documents\my stuff\tutorials\current\subroutines\subroutine\main.cpp(200): warning C4244: '=' : conversion from 'double' to 'float', possible loss of data
     1>\\banner.main.ad.rit.edu\students\sxt5244\igmprofile\documents\my stuff\tutorials\current\subroutines\subroutine\main.cpp(201): warning C4244: '=' : conversion from 'double' to 'float', possible loss of data
     1>\\banner.main.ad.rit.edu\students\sxt5244\igmprofile\documents\my stuff\tutorials\current\subroutines\subroutine\main.cpp(204): warning C4244: '=' : conversion from 'double' to 'float', possible loss of data
     1>\\banner.main.ad.rit.edu\students\sxt5244\igmprofile\documents\my stuff\tutorials\current\subroutines\subroutine\main.cpp(205): warning C4244: '=' : conversion from 'double' to 'float', possible loss of data
     1>\\banner.main.ad.rit.edu\students\sxt5244\igmprofile\documents\my stuff\tutorials\current\subroutines\subroutine\main.cpp(206): warning C4244: '=' : conversion from 'double' to 'float', possible loss of data
     1>\\banner.main.ad.rit.edu\students\sxt5244\igmprofile\documents\my stuff\tutorials\current\subroutines\subroutine\main.cpp(498): warning C4244: '=' : conversion from 'double' to 'float', possible loss of data
     1>\\banner.main.ad.rit.edu\students\sxt5244\igmprofile\documents\my stuff\tutorials\current\subroutines\subroutine\main.cpp(499): warning C4244: '=' : conversion from 'double' to 'float', possible loss of data
     1>\\banner.main.ad.rit.edu\students\sxt5244\igmprofile\documents\my stuff\tutorials\current\subroutines\subroutine\main.cpp(511): warning C4305: 'argument' : truncation from 'double' to 'GLclampf'
       Link:
         C:\Program Files (x86)\Microsoft Visual Studio 12.0\VC\bin\link.exe /ERRORREPORT:PROMPT /OUT:"\\banner.main.ad.rit.edu\students\sxt5244\IGMProfile\Documents\My stuff\Tutorials\Current\Subroutines\Debug\Subroutine.exe" /INCREMENTAL /NOLOGO /LIBPATH:"\\banner.main.ad.rit.edu\students\sxt5244\IGMProfile\Documents\My stuff\Tutorials\Current\Subroutines\Subroutine\\lib" kernel32.lib user32.lib gdi32.lib winspool.lib comdlg32.lib advapi32.lib shell32.lib ole32.lib oleaut32.lib uuid.lib odbc32.lib odbccp32.lib opengl32.lib glew32.lib glfw3.lib SOIL.lib kernel32.lib user32.lib gdi32.lib winspool.lib comdlg32.lib advapi32.lib shell32.lib ole32.lib oleaut32.lib uuid.lib odbc32.lib odbccp32.lib /NODEFAULTLIB:LIBCMT /NODEFAULTLIB:MSVCRT /MANIFEST /MANIFESTUAC:"level='asInvoker' uiAccess='false'" /manifest:embed /DEBUG /PDB:"\\banner.main.ad.rit.edu\students\sxt5244\IGMProfile\Documents\My stuff\Tutorials\Current\Subroutines\Debug\Subroutine.pdb" /TLBID:1 /DYNAMICBASE /NXCOMPAT /IMPLIB:"\\banner.main.ad.rit.edu\students\sxt5244\IGMProfile\Documents\My stuff\Tutorials\Current\Subroutines\Debug\Subroutine.lib" /MACHINE:X86 Debug\main.obj
         Subroutine.vcxproj -> \\banner.main.ad.rit.edu\students\sxt5244\IGMProfile\Documents\My stuff\Tutorials\Current\Subroutines\Debug\Subroutine.exe
     1>Done Building Project "\\banner.main.ad.rit.edu\students\sxt5244\IGMProfile\Documents\My stuff\Tutorials\Current\Subroutines\Subroutine\Subroutine.vcxproj" (Build target(s)).

Build succeeded.

Time Elapsed 00:00:03.81
